<?xml version="1.0" encoding="UTF-8"?>
<!-- Generated by org.testng.reporters.JUnitReportReporter -->
<testsuite hostname="Nilmie" failures="0" tests="1" name="Runner.TestRunner" time="30.846" errors="0" timestamp="2020-11-09T15:39:24 IST" skipped="0">
  <testcase classname="Runner.TestRunner" name="feature" time="30.846"/>
  <system-out/>
</testsuite> <!-- Runner.TestRunner -->
